1689518419.038418 client started (1077213): version 3.3a, socket /tmp/tmux-1000/default, protocol 8
1689518419.038455 on Linux 6.3.0-2-amd64 #1 SMP PREEMPT_DYNAMIC Debian 6.3.11-1 (2023-07-01)
1689518419.038461 using libevent 2.1.12-stable (poll); ncurses 6.4
1689518419.038480 flags are 0x10010000
1689518419.038485 socket is /tmp/tmux-1000/default
1689518419.038499 trying connect
1689518419.038580 add peer 0x56379b65ed10: 6 ((nil))
1689518419.038839 sending message 100 to peer 0x56379b65ed10 (4 bytes)
1689518419.038850 sending message 111 to peer 0x56379b65ed10 (8 bytes)
1689518419.038855 sending message 101 to peer 0x56379b65ed10 (20 bytes)
1689518419.038859 sending message 109 to peer 0x56379b65ed10 (4 bytes)
1689518419.038863 sending message 102 to peer 0x56379b65ed10 (12 bytes)
1689518419.038868 sending message 108 to peer 0x56379b65ed10 (64 bytes)
1689518419.038872 sending message 112 to peer 0x56379b65ed10 (70 bytes)
1689518419.038877 sending message 112 to peer 0x56379b65ed10 (5 bytes)
1689518419.038881 sending message 112 to peer 0x56379b65ed10 (5 bytes)
1689518419.038886 sending message 112 to peer 0x56379b65ed10 (6 bytes)
1689518419.038890 sending message 112 to peer 0x56379b65ed10 (6 bytes)
1689518419.038894 sending message 112 to peer 0x56379b65ed10 (11 bytes)
1689518419.038898 sending message 112 to peer 0x56379b65ed10 (10 bytes)
1689518419.038903 sending message 112 to peer 0x56379b65ed10 (13 bytes)
1689518419.038907 sending message 112 to peer 0x56379b65ed10 (13 bytes)
1689518419.038911 sending message 112 to peer 0x56379b65ed10 (18 bytes)
1689518419.038916 sending message 112 to peer 0x56379b65ed10 (11 bytes)
1689518419.038920 sending message 112 to peer 0x56379b65ed10 (21 bytes)
1689518419.038924 sending message 112 to peer 0x56379b65ed10 (13 bytes)
1689518419.038929 sending message 112 to peer 0x56379b65ed10 (7 bytes)
1689518419.038933 sending message 112 to peer 0x56379b65ed10 (13 bytes)
1689518419.038938 sending message 112 to peer 0x56379b65ed10 (7 bytes)
1689518419.038942 sending message 112 to peer 0x56379b65ed10 (13 bytes)
1689518419.038946 sending message 112 to peer 0x56379b65ed10 (9 bytes)
1689518419.038951 sending message 112 to peer 0x56379b65ed10 (21 bytes)
1689518419.038955 sending message 112 to peer 0x56379b65ed10 (13 bytes)
1689518419.038959 sending message 112 to peer 0x56379b65ed10 (8 bytes)
1689518419.038963 sending message 112 to peer 0x56379b65ed10 (12 bytes)
1689518419.038968 sending message 112 to peer 0x56379b65ed10 (13 bytes)
1689518419.038972 sending message 112 to peer 0x56379b65ed10 (9 bytes)
1689518419.038976 sending message 112 to peer 0x56379b65ed10 (9 bytes)
1689518419.038980 sending message 112 to peer 0x56379b65ed10 (12 bytes)
1689518419.038985 sending message 112 to peer 0x56379b65ed10 (8 bytes)
1689518419.038989 sending message 112 to peer 0x56379b65ed10 (7 bytes)
1689518419.038993 sending message 112 to peer 0x56379b65ed10 (7 bytes)
1689518419.038997 sending message 112 to peer 0x56379b65ed10 (9 bytes)
1689518419.039002 sending message 112 to peer 0x56379b65ed10 (13 bytes)
1689518419.039006 sending message 112 to peer 0x56379b65ed10 (9 bytes)
1689518419.039010 sending message 112 to peer 0x56379b65ed10 (15 bytes)
1689518419.039014 sending message 112 to peer 0x56379b65ed10 (13 bytes)
1689518419.039019 sending message 112 to peer 0x56379b65ed10 (12 bytes)
1689518419.039023 sending message 112 to peer 0x56379b65ed10 (8 bytes)
1689518419.039027 sending message 112 to peer 0x56379b65ed10 (14 bytes)
1689518419.039031 sending message 112 to peer 0x56379b65ed10 (9 bytes)
1689518419.039035 sending message 112 to peer 0x56379b65ed10 (10 bytes)
1689518419.039040 sending message 112 to peer 0x56379b65ed10 (10 bytes)
1689518419.039044 sending message 112 to peer 0x56379b65ed10 (10 bytes)
1689518419.039048 sending message 112 to peer 0x56379b65ed10 (10 bytes)
1689518419.039052 sending message 112 to peer 0x56379b65ed10 (11 bytes)
1689518419.039056 sending message 112 to peer 0x56379b65ed10 (10 bytes)
1689518419.039061 sending message 112 to peer 0x56379b65ed10 (8 bytes)
1689518419.039065 sending message 112 to peer 0x56379b65ed10 (11 bytes)
1689518419.039078 sending message 112 to peer 0x56379b65ed10 (11 bytes)
1689518419.039083 sending message 112 to peer 0x56379b65ed10 (11 bytes)
1689518419.039087 sending message 112 to peer 0x56379b65ed10 (8 bytes)
1689518419.039091 sending message 112 to peer 0x56379b65ed10 (8 bytes)
1689518419.039096 sending message 112 to peer 0x56379b65ed10 (8 bytes)
1689518419.039100 sending message 112 to peer 0x56379b65ed10 (10 bytes)
1689518419.039104 sending message 112 to peer 0x56379b65ed10 (10 bytes)
1689518419.039109 sending message 112 to peer 0x56379b65ed10 (10 bytes)
1689518419.039113 sending message 112 to peer 0x56379b65ed10 (10 bytes)
1689518419.039117 sending message 112 to peer 0x56379b65ed10 (10 bytes)
1689518419.039121 sending message 112 to peer 0x56379b65ed10 (11 bytes)
1689518419.039125 sending message 112 to peer 0x56379b65ed10 (11 bytes)
1689518419.039129 sending message 112 to peer 0x56379b65ed10 (10 bytes)
1689518419.039133 sending message 112 to peer 0x56379b65ed10 (9 bytes)
1689518419.039138 sending message 112 to peer 0x56379b65ed10 (9 bytes)
1689518419.039142 sending message 112 to peer 0x56379b65ed10 (12 bytes)
1689518419.039146 sending message 112 to peer 0x56379b65ed10 (9 bytes)
1689518419.039150 sending message 112 to peer 0x56379b65ed10 (6 bytes)
1689518419.039154 sending message 112 to peer 0x56379b65ed10 (13 bytes)
1689518419.039158 sending message 112 to peer 0x56379b65ed10 (8 bytes)
1689518419.039163 sending message 112 to peer 0x56379b65ed10 (15 bytes)
1689518419.039167 sending message 112 to peer 0x56379b65ed10 (13 bytes)
1689518419.039171 sending message 112 to peer 0x56379b65ed10 (70 bytes)
1689518419.039175 sending message 112 to peer 0x56379b65ed10 (69 bytes)
1689518419.039179 sending message 112 to peer 0x56379b65ed10 (10 bytes)
1689518419.039184 sending message 112 to peer 0x56379b65ed10 (8 bytes)
1689518419.039188 sending message 112 to peer 0x56379b65ed10 (15 bytes)
1689518419.039192 sending message 112 to peer 0x56379b65ed10 (13 bytes)
1689518419.039196 sending message 112 to peer 0x56379b65ed10 (10 bytes)
1689518419.039200 sending message 112 to peer 0x56379b65ed10 (10 bytes)
1689518419.039205 sending message 112 to peer 0x56379b65ed10 (5 bytes)
1689518419.039209 sending message 112 to peer 0x56379b65ed10 (15 bytes)
1689518419.039214 sending message 104 to peer 0x56379b65ed10 (0 bytes)
1689518419.039219 sending message 110 to peer 0x56379b65ed10 (0 bytes)
1689518419.039224 sending message 107 to peer 0x56379b65ed10 (4 bytes)
1689518419.039228 sending message 105 to peer 0x56379b65ed10 (16 bytes)
1689518419.039232 sending message 105 to peer 0x56379b65ed10 (18 bytes)
1689518419.039237 sending message 105 to peer 0x56379b65ed10 (19 bytes)
1689518419.039241 sending message 105 to peer 0x56379b65ed10 (20 bytes)
1689518419.039245 sending message 105 to peer 0x56379b65ed10 (26 bytes)
1689518419.039249 sending message 105 to peer 0x56379b65ed10 (35 bytes)
1689518419.039253 sending message 105 to peer 0x56379b65ed10 (18 bytes)
1689518419.039258 sending message 105 to peer 0x56379b65ed10 (40 bytes)
1689518419.039262 sending message 105 to peer 0x56379b65ed10 (46 bytes)
1689518419.039266 sending message 105 to peer 0x56379b65ed10 (58 bytes)
1689518419.039270 sending message 105 to peer 0x56379b65ed10 (18 bytes)
1689518419.039275 sending message 105 to peer 0x56379b65ed10 (15 bytes)
1689518419.039279 sending message 105 to peer 0x56379b65ed10 (68 bytes)
1689518419.039283 sending message 105 to peer 0x56379b65ed10 (13 bytes)
1689518419.039287 sending message 105 to peer 0x56379b65ed10 (21 bytes)
1689518419.039291 sending message 105 to peer 0x56379b65ed10 (52 bytes)
1689518419.039296 sending message 105 to peer 0x56379b65ed10 (21 bytes)
1689518419.039300 sending message 105 to peer 0x56379b65ed10 (34 bytes)
1689518419.039304 sending message 105 to peer 0x56379b65ed10 (13 bytes)
1689518419.039308 sending message 105 to peer 0x56379b65ed10 (15 bytes)
1689518419.039312 sending message 105 to peer 0x56379b65ed10 (16 bytes)
1689518419.039316 sending message 105 to peer 0x56379b65ed10 (17 bytes)
1689518419.039326 sending message 105 to peer 0x56379b65ed10 (1764 bytes)
1689518419.039339 sending message 105 to peer 0x56379b65ed10 (20 bytes)
1689518419.039343 sending message 105 to peer 0x56379b65ed10 (47 bytes)
1689518419.039348 sending message 105 to peer 0x56379b65ed10 (38 bytes)
1689518419.039352 sending message 105 to peer 0x56379b65ed10 (55 bytes)
1689518419.039357 sending message 105 to peer 0x56379b65ed10 (23 bytes)
1689518419.039361 sending message 105 to peer 0x56379b65ed10 (25 bytes)
1689518419.039365 sending message 105 to peer 0x56379b65ed10 (10 bytes)
1689518419.039369 sending message 105 to peer 0x56379b65ed10 (14 bytes)
1689518419.039373 sending message 105 to peer 0x56379b65ed10 (11 bytes)
1689518419.039377 sending message 105 to peer 0x56379b65ed10 (8 bytes)
1689518419.039381 sending message 105 to peer 0x56379b65ed10 (11 bytes)
1689518419.039385 sending message 105 to peer 0x56379b65ed10 (17 bytes)
1689518419.039390 sending message 105 to peer 0x56379b65ed10 (31 bytes)
1689518419.039394 sending message 105 to peer 0x56379b65ed10 (30 bytes)
1689518419.039398 sending message 105 to peer 0x56379b65ed10 (121 bytes)
1689518419.039402 sending message 105 to peer 0x56379b65ed10 (16 bytes)
1689518419.039407 sending message 105 to peer 0x56379b65ed10 (71 bytes)
1689518419.039411 sending message 105 to peer 0x56379b65ed10 (38 bytes)
1689518419.039415 sending message 105 to peer 0x56379b65ed10 (54 bytes)
1689518419.039419 sending message 105 to peer 0x56379b65ed10 (20 bytes)
1689518419.039424 sending message 105 to peer 0x56379b65ed10 (29 bytes)
1689518419.039428 sending message 105 to peer 0x56379b65ed10 (18 bytes)
1689518419.039432 sending message 105 to peer 0x56379b65ed10 (18 bytes)
1689518419.039436 sending message 105 to peer 0x56379b65ed10 (16 bytes)
1689518419.039440 sending message 106 to peer 0x56379b65ed10 (0 bytes)
1689518419.039492 sending message 200 to peer 0x56379b65ed10 (4 bytes)
1689518419.039502 client loop enter
1689518419.039921 peer 0x56379b65ed10 message 303
1689518419.039929 open write file 2 -
1689518419.039938 sending message 305 to peer 0x56379b65ed10 (8 bytes)
1689518419.039948 write check file 2
1689518419.040103 peer 0x56379b65ed10 message 304
1689518419.040111 write 58 to file 2
1689518419.040117 peer 0x56379b65ed10 message 203
1689518419.040122 file 2 58 bytes left
1689518419.040138 write check file 2
1689518419.040143 client loop exit
